# JRE version: Java(TM) SE Runtime Environment (8.0_191-b12) (build 1.8.0_191-b12)
# Java VM: Java HotSpot(TM) Client VM (25.191-b12 mixed mode windows-x86 )
Heap:
 def new generation   total 88704K, used 26441K [0x05000000, 0x0b030000, 0x0faa0000)
  eden space 78912K,  33% used [0x05000000, 0x069d26b0, 0x09d10000)
  from space 9792K,   0% used [0x0a6a0000, 0x0a6a0000, 0x0b030000)
  to   space 9792K,   0% used [0x09d10000, 0x09d10000, 0x0a6a0000)
 tenured generation   total 196896K, used 110220K [0x0faa0000, 0x1bae8000, 0x25000000)
   the space 196896K,  55% used [0x0faa0000, 0x16643210, 0x16643400, 0x1bae8000)
 Metaspace       used 25658K, capacity 26349K, committed 26624K, reserved 27008K
GC Heap History (10 events):
Event: 5880.650 GC heap before
{Heap before GC invocations=29 (full 3):
 def new generation   total 88704K, used 83513K [0x05000000, 0x0b030000, 0x0faa0000)
  eden space 78912K, 100% used [0x05000000, 0x09d10000, 0x09d10000)
  from space 9792K,  46% used [0x09d10000, 0x0a18e7b0, 0x0a6a0000)
  to   space 9792K,   0% used [0x0a6a0000, 0x0a6a0000, 0x0b030000)
 tenured generation   total 196896K, used 167203K [0x0faa0000, 0x1bae8000, 0x25000000)
   the space 196896K,  84% used [0x0faa0000, 0x19de8d38, 0x19de8e00, 0x1bae8000)
 Metaspace       used 25697K, capacity 26401K, committed 26624K, reserved 27008K
Event: 5880.665 GC heap after
Heap after GC invocations=30 (full 3):
 def new generation   total 88704K, used 6910K [0x05000000, 0x0b030000, 0x0faa0000)
  eden space 78912K,   0% used [0x05000000, 0x05000000, 0x09d10000)
  from space 9792K,  70% used [0x0a6a0000, 0x0ad5f948, 0x0b030000)
  to   space 9792K,   0% used [0x09d10000, 0x09d10000, 0x0a6a0000)
 tenured generation   total 196896K, used 167203K [0x0faa0000, 0x1bae8000, 0x25000000)
   the space 196896K,  84% used [0x0faa0000, 0x19de8d38, 0x19de8e00, 0x1bae8000)
 Metaspace       used 25697K, capacity 26401K, committed 26624K, reserved 27008K
}
Event: 6099.176 GC heap before
{Heap before GC invocations=30 (full 3):
 def new generation   total 88704K, used 85083K [0x05000000, 0x0b030000, 0x0faa0000)
  eden space 78912K,  99% used [0x05000000, 0x09c576a0, 0x09d10000)
  from space 9792K,  70% used [0x0a6a0000, 0x0ad5f948, 0x0b030000)
  to   space 9792K,   0% used [0x09d10000, 0x09d10000, 0x0a6a0000)
 tenured generation   total 196896K, used 167203K [0x0faa0000, 0x1bae8000, 0x25000000)
   the space 196896K,  84% used [0x0faa0000, 0x19de8d38, 0x19de8e00, 0x1bae8000)
 Metaspace       used 25698K, capacity 26401K, committed 26624K, reserved 27008K
Event: 6099.194 GC heap after
Heap after GC invocations=31 (full 3):
 def new generation   total 88704K, used 7640K [0x05000000, 0x0b030000, 0x0faa0000)
  eden space 78912K,   0% used [0x05000000, 0x05000000, 0x09d10000)
  from space 9792K,  78% used [0x09d10000, 0x0a486318, 0x0a6a0000)
  to   space 9792K,   0% used [0x0a6a0000, 0x0a6a0000, 0x0b030000)
 tenured generation   total 196896K, used 169768K [0x0faa0000, 0x1bae8000, 0x25000000)
   the space 196896K,  86% used [0x0faa0000, 0x1a06a040, 0x1a06a200, 0x1bae8000)
 Metaspace       used 25698K, capacity 26401K, committed 26624K, reserved 27008K
}
Event: 6266.296 GC heap before
{Heap before GC invocations=31 (full 3):
 def new generation   total 88704K, used 86552K [0x05000000, 0x0b030000, 0x0faa0000)
  eden space 78912K, 100% used [0x05000000, 0x09d10000, 0x09d10000)
  from space 9792K,  78% used [0x09d10000, 0x0a486318, 0x0a6a0000)
  to   space 9792K,   0% used [0x0a6a0000, 0x0a6a0000, 0x0b030000)
 tenured generation   total 196896K, used 169768K [0x0faa0000, 0x1bae8000, 0x25000000)
   the space 196896K,  86% used [0x0faa0000, 0x1a06a040, 0x1a06a200, 0x1bae8000)
 Metaspace       used 25712K, capacity 26416K, committed 26624K, reserved 27008K
Event: 6266.307 GC heap after
Heap after GC invocations=32 (full 3):
 def new generation   total 88704K, used 5182K [0x05000000, 0x0b030000, 0x0faa0000)
  eden space 78912K,   0% used [0x05000000, 0x05000000, 0x09d10000)
  from space 9792K,  52% used [0x0a6a0000, 0x0abaf8d8, 0x0b030000)
  to   space 9792K,   0% used [0x09d10000, 0x09d10000, 0x0a6a0000)
 tenured generation   total 196896K, used 176924K [0x0faa0000, 0x1bae8000, 0x25000000)
   the space 196896K,  89% used [0x0faa0000, 0x1a7671d8, 0x1a767200, 0x1bae8000)
 Metaspace       used 25712K, capacity 26416K, committed 26624K, reserved 27008K
}
Event: 6268.057 GC heap before
{Heap before GC invocations=32 (full 3):
 def new generation   total 88704K, used 82994K [0x05000000, 0x0b030000, 0x0faa0000)
  eden space 78912K,  98% used [0x05000000, 0x09bfd278, 0x09d10000)
  from space 9792K,  52% used [0x0a6a0000, 0x0abaf8d8, 0x0b030000)
  to   space 9792K,   0% used [0x09d10000, 0x09d10000, 0x0a6a0000)
 tenured generation   total 196896K, used 176924K [0x0faa0000, 0x1bae8000, 0x25000000)
   the space 196896K,  89% used [0x0faa0000, 0x1a7671d8, 0x1a767200, 0x1bae8000)
 Metaspace       used 25712K, capacity 26416K, committed 26624K, reserved 27008K
Event: 6268.070 GC heap after
Heap after GC invocations=33 (full 3):
 def new generation   total 88704K, used 9586K [0x05000000, 0x0b030000, 0x0faa0000)
  eden space 78912K,   0% used [0x05000000, 0x05000000, 0x09d10000)
  from space 9792K,  97% used [0x09d10000, 0x0a66c950, 0x0a6a0000)
  to   space 9792K,   0% used [0x0a6a0000, 0x0a6a0000, 0x0b030000)
 tenured generation   total 196896K, used 182346K [0x0faa0000, 0x1bae8000, 0x25000000)
   the space 196896K,  92% used [0x0faa0000, 0x1acb2870, 0x1acb2a00, 0x1bae8000)
 Metaspace       used 25712K, capacity 26416K, committed 26624K, reserved 27008K
}
Event: 6270.236 GC heap before
{Heap before GC invocations=33 (full 3):
 def new generation   total 88704K, used 87796K [0x05000000, 0x0b030000, 0x0faa0000)
  eden space 78912K,  99% used [0x05000000, 0x09c60710, 0x09d10000)
  from space 9792K,  97% used [0x09d10000, 0x0a66c950, 0x0a6a0000)
  to   space 9792K,   0% used [0x0a6a0000, 0x0a6a0000, 0x0b030000)
 tenured generation   total 196896K, used 182346K [0x0faa0000, 0x1bae8000, 0x25000000)
   the space 196896K,  92% used [0x0faa0000, 0x1acb2870, 0x1acb2a00, 0x1bae8000)
 Metaspace       used 25712K, capacity 26416K, committed 26624K, reserved 27008K
Event: 6270.792 GC heap after
Heap after GC invocations=34 (full 4):
 def new generation   total 88704K, used 0K [0x05000000, 0x0b030000, 0x0faa0000)
  eden space 78912K,   0% used [0x05000000, 0x05000000, 0x09d10000)
  from space 9792K,   0% used [0x0a6a0000, 0x0a6a0000, 0x0b030000)
  to   space 9792K,   0% used [0x09d10000, 0x09d10000, 0x0a6a0000)
 tenured generation   total 196896K, used 110220K [0x0faa0000, 0x1bae8000, 0x25000000)
   the space 196896K,  55% used [0x0faa0000, 0x16643210, 0x16643400, 0x1bae8000)
 Metaspace       used 25658K, capacity 26349K, committed 26624K, reserved 27008K
}

